Map: 70 by 70
Handicap: 0
Max tick: 30000
Max #Unit Cmd: 1
Seed: 0
Shuffled: False
[name=][fs=5][type=AI_NN][FoW=True][#frames_in_state=1]
[name=][fs=10][type=AI_SIMPLE][FoW=True][#frames_in_state=1]
Output_prompt_filename: ""
Cmd_dumper_prefix: ""
Save_replay_prefix: ""
#Game: 1024
#Max_thread: 0
#Collectors: 0
T: 20
Wait per group: False
Maximal #moves (0 = no constraint): 0
#Threads: 0
#Rollout per thread: 1
Verbose: False, Verbose_time: False
Use prior: False
Persistent tree: False
#Pseudo game: 0
Pick method: most_visited

Use time decay: True
Save prev seen units: False
Attach complete info: False

ORIGINAL
--------------GameContext Start-----------
--------ContextT Start---------------
玩家胜利
base hit:  0  tower_loss: 0 radar_loss: 0  ammo_loss: 64 A: 3  B: 3  C: 4 Bullet: 0
玩家胜利
base hit:  0  tower_loss: 0 radar_loss: 0  ammo_loss: 64 A: 3  B: 3  C: 4 Bullet: 0
玩家胜利
base hit:  0  tower_loss: 0 radar_loss: 0  ammo_loss: 64 A: 3  B: 3  C: 4 Bullet: 0
玩家胜利
base hit:  0  tower_loss: 0 radar_loss: 0  ammo_loss: 64 A: 3  B: 3  C: 4 Bullet: 0
玩家胜利
base hit:  0  tower_loss: 0 radar_loss: 0  ammo_loss: 64 A: 3  B: 3  C: 4 Bullet: 0
玩家胜利
base hit:  0  tower_loss: 0 radar_loss: 0  ammo_loss: 64 A: 3  B: 3  C: 4 Bullet: 0
玩家胜利
base hit:  0  tower_loss: 0 radar_loss: 0  ammo_loss: 64 A: 3  B: 3  C: 4 Bullet: 0
玩家胜利
base hit:  0  tower_loss: 0 radar_loss: 0  ammo_loss: 64 A: 3  B: 3  C: 4 Bullet: 0
玩家胜利
base hit:  0  tower_loss: 0 radar_loss: 0  ammo_loss: 64 A: 3  B: 3  C: 4 Bullet: 0
玩家胜利
base hit:  0  tower_loss: 0 radar_loss: 0  ammo_loss: 64 A: 3  B: 3  C: 4 Bullet: 0
玩家胜利
base hit:  0  tower_loss: 0 radar_loss: 0  ammo_loss: 64 A: 3  B: 3  C: 4 Bullet: 0
玩家基地被摧毁
base hit:  2  tower_loss: 0 radar_loss: 0  ammo_loss: 64 A: 0  B: 3  C: 2 Bullet: 0
玩家基地被摧毁
base hit:  2  tower_loss: 0 radar_loss: 0  ammo_loss: 64 A: 0  B: 3  C: 2 Bullet: 0
玩家基地被摧毁
base hit:  2  tower_loss: 0 radar_loss: 0  ammo_loss: 64 A: 1  B: 3  C: 3 Bullet: 0
玩家胜利
base hit:  0  tower_loss: 0 radar_loss: 0  ammo_loss: 64 A: 3  B: 3  C: 4 Bullet: 0
玩家基地被摧毁
base hit:  2  tower_loss: 0 radar_loss: 0  ammo_loss: 64 A: 2  B: 3  C: 3 Bullet: 0
玩家基地被摧毁
base hit:  2  tower_loss: 0 radar_loss: 0  ammo_loss: 64 A: 1  B: 3  C: 2 Bullet: 0
玩家基地被摧毁
base hit:  2  tower_loss: 0 radar_loss: 0  ammo_loss: 64 A: 0  B: 3  C: 2 Bullet: 0
玩家基地被摧毁
base hit:  2  tower_loss: 0 radar_loss: 0  ammo_loss: 64 A: 2  B: 3  C: 3 Bullet: 0
玩家基地被摧毁
base hit:  2  tower_loss: 0 radar_loss: 0  ammo_loss: 64 A: 0  B: 3  C: 2 Bullet: 0
玩家基地被摧毁
base hit:  2  tower_loss: 0 radar_loss: 0  ammo_loss: 64 A: 1  B: 3  C: 3 Bullet: 0
玩家基地被摧毁
base hit:  2  tower_loss: 0 radar_loss: 0  ammo_loss: 64 A: 0  B: 3  C: 2 Bullet: 0
玩家基地被摧毁
base hit:  2  tower_loss: 0 radar_loss: 0  ammo_loss: 64 A: 0  B: 3  C: 2 Bullet: 0
玩家基地被摧毁
base hit:  2  tower_loss: 0 radar_loss: 0  ammo_loss: 64 A: 0  B: 3  C: 2 Bullet: 0
玩家基地被摧毁
base hit:  2  tower_loss: 0 radar_loss: 0  ammo_loss: 64 A: 0  B: 3  C: 2 Bullet: 0
玩家基地被摧毁
base hit:  2  tower_loss: 0 radar_loss: 0  ammo_loss: 64 A: 0  B: 3  C: 4 Bullet: 0
玩家基地被摧毁
base hit:  2  tower_loss: 0 radar_loss: 0  ammo_loss: 64 A: 0  B: 3  C: 4 Bullet: 0
玩家基地被摧毁
base hit:  2  tower_loss: 0 radar_loss: 0  ammo_loss: 64 A: 0  B: 3  C: 2 Bullet: 0
玩家基地被摧毁
base hit:  2  tower_loss: 0 radar_loss: 0  ammo_loss: 64 A: 0  B: 3  C: 1 Bullet: 0
玩家基地被摧毁
base hit:  2  tower_loss: 0 radar_loss: 0  ammo_loss: 64 A: 1  B: 3  C: 1 Bullet: 0
玩家基地被摧毁
base hit:  2  tower_loss: 0 radar_loss: 0  ammo_loss: 64 A: 0  B: 3  C: 2 Bullet: 0
玩家基地被摧毁
base hit:  2  tower_loss: 0 radar_loss: 0  ammo_loss: 64 A: 0  B: 3  C: 2 Bullet: 0
玩家基地被摧毁
base hit:  2  tower_loss: 0 radar_loss: 0  ammo_loss: 64 A: 0  B: 3  C: 2 Bullet: 0
玩家基地被摧毁
base hit:  2  tower_loss: 0 radar_loss: 0  ammo_loss: 64 A: 0  B: 3  C: 2 Bullet: 0
玩家基地被摧毁
base hit:  2  tower_loss: 0 radar_loss: 0  ammo_loss: 64 A: 0  B: 3  C: 2 Bullet: 0
玩家基地被摧毁
base hit:  2  tower_loss: 0 radar_loss: 0  ammo_loss: 64 A: 0  B: 3  C: 4 Bullet: 0
玩家基地被摧毁
base hit:  2  tower_loss: 0 radar_loss: 0  ammo_loss: 64 A: 0  B: 3  C: 2 Bullet: 0
玩家基地被摧毁
base hit:  2  tower_loss: 0 radar_loss: 0  ammo_loss: 64 A: 0  B: 3  C: 2 Bullet: 0
玩家基地被摧毁
base hit:  2  tower_loss: 0 radar_loss: 0  ammo_loss: 64 A: 0  B: 3  C: 2 Bullet: 0
玩家基地被摧毁
base hit:  2  tower_loss: 0 radar_loss: 0  ammo_loss: 64 A: 2  B: 3  C: 3 Bullet: 0
玩家基地被摧毁
base hit:  2  tower_loss: 0 radar_loss: 0  ammo_loss: 64 A: 1  B: 3  C: 4 Bullet: 0
玩家基地被摧毁
base hit:  2  tower_loss: 0 radar_loss: 0  ammo_loss: 64 A: 1  B: 3  C: 2 Bullet: 0
玩家基地被摧毁
base hit:  2  tower_loss: 0 radar_loss: 0  ammo_loss: 64 A: 0  B: 3  C: 2 Bullet: 0
玩家基地被摧毁
base hit:  2  tower_loss: 0 radar_loss: 0  ammo_loss: 64 A: 0  B: 3  C: 3 Bullet: 0
玩家基地被摧毁
base hit:  2  tower_loss: 2 radar_loss: 0  ammo_loss: 64 A: 0  B: 2  C: 2 Bullet: 0
玩家基地被摧毁
base hit:  2  tower_loss: 0 radar_loss: 0  ammo_loss: 64 A: 0  B: 3  C: 2 Bullet: 0
玩家基地被摧毁
base hit:  2  tower_loss: 0 radar_loss: 0  ammo_loss: 64 A: 0  B: 3  C: 2 Bullet: 0
玩家基地被摧毁
base hit:  2  tower_loss: 0 radar_loss: 0  ammo_loss: 64 A: 0  B: 3  C: 2 Bullet: 0
玩家基地被摧毁
base hit:  2  tower_loss: 0 radar_loss: 0  ammo_loss: 64 A: 0  B: 3  C: 3 Bullet: 0
玩家基地被摧毁
base hit:  2  tower_loss: 0 radar_loss: 0  ammo_loss: 64 A: 0  B: 3  C: 4 Bullet: 0
玩家基地被摧毁
base hit:  2  tower_loss: 0 radar_loss: 0  ammo_loss: 64 A: 0  B: 3  C: 1 Bullet: 0
玩家基地被摧毁
base hit:  2  tower_loss: 0 radar_loss: 0  ammo_loss: 64 A: 0  B: 3  C: 2 Bullet: 0
玩家基地被摧毁
base hit:  2  tower_loss: 0 radar_loss: 0  ammo_loss: 64 A: 1  B: 3  C: 3 Bullet: 0
玩家基地被摧毁
base hit:  2  tower_loss: 0 radar_loss: 0  ammo_loss: 64 A: 2  B: 3  C: 2 Bullet: 0
玩家基地被摧毁
base hit:  2  tower_loss: 0 radar_loss: 0  ammo_loss: 64 A: 0  B: 3  C: 2 Bullet: 0
玩家基地被摧毁
base hit:  2  tower_loss: 0 radar_loss: 0  ammo_loss: 64 A: 1  B: 3  C: 2 Bullet: 0
玩家基地被摧毁
base hit:  2  tower_loss: 0 radar_loss: 0  ammo_loss: 64 A: 0  B: 3  C: 2 Bullet: 0
玩家基地被摧毁
base hit:  2  tower_loss: 0 radar_loss: 0  ammo_loss: 64 A: 0  B: 3  C: 2 Bullet: 0
玩家基地被摧毁
base hit:  2  tower_loss: 0 radar_loss: 0  ammo_loss: 64 A: 0  B: 3  C: 2 Bullet: 0
玩家基地被摧毁
base hit:  2  tower_loss: 0 radar_loss: 0  ammo_loss: 64 A: 0  B: 3  C: 2 Bullet: 0
玩家基地被摧毁
base hit:  2  tower_loss: 0 radar_loss: 0  ammo_loss: 64 A: 0  B: 3  C: 2 Bullet: 0
玩家基地被摧毁
base hit:  2  tower_loss: 0 radar_loss: 0  ammo_loss: 64 A: 0  B: 3  C: 1 Bullet: 0
玩家胜利
base hit:  0  tower_loss: 0 radar_loss: 0  ammo_loss: 64 A: 3  B: 3  C: 4 Bullet: 0
玩家基地被摧毁
base hit:  2  tower_loss: 0 radar_loss: 0  ammo_loss: 64 A: 0  B: 3  C: 2 Bullet: 0
玩家基地被摧毁
base hit:  2  tower_loss: 0 radar_loss: 0  ammo_loss: 64 A: 1  B: 3  C: 3 Bullet: 0
玩家基地被摧毁
base hit:  2  tower_loss: 2 radar_loss: 0  ammo_loss: 64 A: 0  B: 2  C: 2 Bullet: 0
玩家基地被摧毁
base hit:  2  tower_loss: 0 radar_loss: 0  ammo_loss: 64 A: 0  B: 3  C: 2 Bullet: 0
玩家基地被摧毁
base hit:  2  tower_loss: 0 radar_loss: 0  ammo_loss: 64 A: 0  B: 3  C: 4 Bullet: 0
玩家基地被摧毁
base hit:  2  tower_loss: 0 radar_loss: 0  ammo_loss: 64 A: 0  B: 3  C: 2 Bullet: 0
玩家基地被摧毁
base hit:  2  tower_loss: 0 radar_loss: 0  ammo_loss: 64 A: 0  B: 3  C: 2 Bullet: 0
玩家基地被摧毁
base hit:  2  tower_loss: 0 radar_loss: 0  ammo_loss: 64 A: 0  B: 3  C: 4 Bullet: 0
玩家基地被摧毁
base hit:  2  tower_loss: 0 radar_loss: 0  ammo_loss: 64 A: 0  B: 3  C: 2 Bullet: 0
玩家基地被摧毁
base hit:  2  tower_loss: 0 radar_loss: 0  ammo_loss: 64 A: 1  B: 3  C: 2 Bullet: 0
玩家基地被摧毁
base hit:  2  tower_loss: 0 radar_loss: 0  ammo_loss: 64 A: 0  B: 3  C: 2 Bullet: 0
玩家基地被摧毁
base hit:  2  tower_loss: 0 radar_loss: 0  ammo_loss: 64 A: 0  B: 3  C: 2 Bullet: 0
玩家胜利
base hit:  0  tower_loss: 0 radar_loss: 0  ammo_loss: 64 A: 3  B: 3  C: 4 Bullet: 0
玩家基地被摧毁
base hit:  2  tower_loss: 0 radar_loss: 0  ammo_loss: 64 A: 0  B: 3  C: 2 Bullet: 0
玩家基地被摧毁
base hit:  2  tower_loss: 0 radar_loss: 0  ammo_loss: 64 A: 0  B: 3  C: 3 Bullet: 0
玩家基地被摧毁
base hit:  2  tower_loss: 0 radar_loss: 0  ammo_loss: 64 A: 1  B: 3  C: 2 Bullet: 0
玩家基地被摧毁
base hit:  2  tower_loss: 0 radar_loss: 0  ammo_loss: 64 A: 0  B: 3  C: 2 Bullet: 0
玩家基地被摧毁
base hit:  2  tower_loss: 0 radar_loss: 0  ammo_loss: 64 A: 0  B: 3  C: 2 Bullet: 0
玩家基地被摧毁
base hit:  2  tower_loss: 0 radar_loss: 0  ammo_loss: 64 A: 0  B: 3  C: 2 Bullet: 0
玩家基地被摧毁
base hit:  2  tower_loss: 0 radar_loss: 0  ammo_loss: 64 A: 0  B: 3  C: 3 Bullet: 0
玩家基地被摧毁
base hit:  2  tower_loss: 0 radar_loss: 0  ammo_loss: 64 A: 0  B: 3  C: 2 Bullet: 0
玩家基地被摧毁
base hit:  2  tower_loss: 0 radar_loss: 0  ammo_loss: 64 A: 1  B: 3  C: 2 Bullet: 0
玩家基地被摧毁
base hit:  2  tower_loss: 0 radar_loss: 0  ammo_loss: 64 A: 1  B: 3  C: 3 Bullet: 0
玩家基地被摧毁
base hit:  2  tower_loss: 0 radar_loss: 0  ammo_loss: 64 A: 0  B: 3  C: 2 Bullet: 0
玩家基地被摧毁
base hit:  2  tower_loss: 0 radar_loss: 0  ammo_loss: 64 A: 0  B: 3  C: 2 Bullet: 0
玩家基地被摧毁
base hit:  2  tower_loss: 0 radar_loss: 0  ammo_loss: 64 A: 0  B: 3  C: 2 Bullet: 0
玩家基地被摧毁
base hit:  2  tower_loss: 0 radar_loss: 0  ammo_loss: 64 A: 2  B: 3  C: 3 Bullet: 0
玩家基地被摧毁
base hit:  2  tower_loss: 0 radar_loss: 0  ammo_loss: 64 A: 1  B: 3  C: 2 Bullet: 0
玩家基地被摧毁
base hit:  2  tower_loss: 0 radar_loss: 0  ammo_loss: 64 A: 1  B: 3  C: 3 Bullet: 0
玩家基地被摧毁
base hit:  2  tower_loss: 0 radar_loss: 0  ammo_loss: 64 A: 1  B: 3  C: 3 Bullet: 0
玩家基地被摧毁
base hit:  2  tower_loss: 0 radar_loss: 0  ammo_loss: 64 A: 0  B: 3  C: 2 Bullet: 0
玩家基地被摧毁
base hit:  2  tower_loss: 0 radar_loss: 0  ammo_loss: 64 A: 1  B: 3  C: 2 Bullet: 0
玩家基地被摧毁
base hit:  2  tower_loss: 0 radar_loss: 0  ammo_loss: 64 A: 0  B: 3  C: 3 Bullet: 0
玩家基地被摧毁
base hit:  2  tower_loss: 0 radar_loss: 0  ammo_loss: 64 A: 0  B: 3  C: 3 Bullet: 0
玩家基地被摧毁
base hit:  2  tower_loss: 0 radar_loss: 0  ammo_loss: 64 A: 0  B: 3  C: 2 Bullet: 0
玩家基地被摧毁
base hit:  2  tower_loss: 0 radar_loss: 0  ammo_loss: 64 A: 0  B: 3  C: 3 Bullet: 0
玩家基地被摧毁
base hit:  2  tower_loss: 0 radar_loss: 0  ammo_loss: 64 A: 0  B: 3  C: 2 Bullet: 0
玩家基地被摧毁
base hit:  2  tower_loss: 0 radar_loss: 0  ammo_loss: 64 A: 0  B: 3  C: 2 Bullet: 0
玩家基地被摧毁
base hit:  2  tower_loss: 0 radar_loss: 0  ammo_loss: 64 A: 0  B: 3  C: 3 Bullet: 0
玩家基地被摧毁
base hit:  2  tower_loss: 0 radar_loss: 0  ammo_loss: 64 A: 1  B: 3  C: 2 Bullet: 0
玩家基地被摧毁
base hit:  2  tower_loss: 2 radar_loss: 0  ammo_loss: 64 A: 0  B: 2  C: 2 Bullet: 0
玩家基地被摧毁
base hit:  2  tower_loss: 0 radar_loss: 0  ammo_loss: 64 A: 1  B: 3  C: 2 Bullet: 0
玩家基地被摧毁
base hit:  2  tower_loss: 1 radar_loss: 0  ammo_loss: 64 A: 0  B: 2  C: 2 Bullet: 0
玩家基地被摧毁
base hit:  2  tower_loss: 0 radar_loss: 0  ammo_loss: 64 A: 0  B: 3  C: 2 Bullet: 0
玩家基地被摧毁
base hit:  2  tower_loss: 0 radar_loss: 0  ammo_loss: 64 A: 1  B: 3  C: 3 Bullet: 0
玩家基地被摧毁
base hit:  2  tower_loss: 0 radar_loss: 0  ammo_loss: 64 A: 0  B: 3  C: 2 Bullet: 0
玩家胜利
base hit:  0  tower_loss: 0 radar_loss: 0  ammo_loss: 64 A: 3  B: 3  C: 3 Bullet: 0
玩家基地被摧毁
base hit:  2  tower_loss: 0 radar_loss: 0  ammo_loss: 64 A: 0  B: 3  C: 2 Bullet: 0
玩家基地被摧毁
base hit:  2  tower_loss: 0 radar_loss: 0  ammo_loss: 64 A: 1  B: 3  C: 4 Bullet: 0
玩家基地被摧毁
base hit:  2  tower_loss: 0 radar_loss: 0  ammo_loss: 64 A: 0  B: 3  C: 2 Bullet: 0
玩家基地被摧毁
base hit:  2  tower_loss: 0 radar_loss: 0  ammo_loss: 64 A: 1  B: 3  C: 3 Bullet: 0
玩家基地被摧毁
base hit:  2  tower_loss: 0 radar_loss: 0  ammo_loss: 64 A: 0  B: 3  C: 2 Bullet: 0
玩家基地被摧毁
base hit:  2  tower_loss: 0 radar_loss: 0  ammo_loss: 64 A: 0  B: 3  C: 2 Bullet: 0
玩家基地被摧毁
base hit:  2  tower_loss: 0 radar_loss: 0  ammo_loss: 64 A: 0  B: 3  C: 2 Bullet: 0
玩家基地被摧毁
base hit:  2  tower_loss: 0 radar_loss: 0  ammo_loss: 64 A: 0  B: 3  C: 2 Bullet: 0
玩家基地被摧毁
base hit:  2  tower_loss: 0 radar_loss: 0  ammo_loss: 64 A: 0  B: 3  C: 2 Bullet: 0
玩家基地被摧毁
base hit:  2  tower_loss: 0 radar_loss: 0  ammo_loss: 64 A: 0  B: 3  C: 2 Bullet: 0
玩家基地被摧毁
base hit:  2  tower_loss: 0 radar_loss: 0  ammo_loss: 64 A: 1  B: 3  C: 4 Bullet: 0
玩家基地被摧毁
base hit:  2  tower_loss: 0 radar_loss: 0  ammo_loss: 64 A: 1  B: 3  C: 3 Bullet: 0
玩家基地被摧毁
base hit:  2  tower_loss: 0 radar_loss: 0  ammo_loss: 64 A: 0  B: 3  C: 2 Bullet: 0
玩家基地被摧毁
base hit:  2  tower_loss: 0 radar_loss: 0  ammo_loss: 64 A: 0  B: 3  C: 2 Bullet: 0
玩家基地被摧毁
base hit:  2  tower_loss: 0 radar_loss: 0  ammo_loss: 64 A: 0  B: 3  C: 2 Bullet: 0
玩家基地被摧毁
base hit:  2  tower_loss: 0 radar_loss: 0  ammo_loss: 64 A: 0  B: 3  C: 3 Bullet: 0
玩家基地被摧毁
base hit:  2  tower_loss: 0 radar_loss: 0  ammo_loss: 64 A: 0  B: 3  C: 3 Bullet: 0
玩家基地被摧毁
base hit:  2  tower_loss: 0 radar_loss: 0  ammo_loss: 64 A: 0  B: 3  C: 2 Bullet: 0
玩家基地被摧毁
base hit:  2  tower_loss: 0 radar_loss: 0  ammo_loss: 64 A: 1  B: 3  C: 2 Bullet: 0
玩家基地被摧毁
base hit:  2  tower_loss: 0 radar_loss: 0  ammo_loss: 64 A: 0  B: 3  C: 2 Bullet: 0
玩家基地被摧毁
base hit:  2  tower_loss: 0 radar_loss: 0  ammo_loss: 64 A: 0  B: 3  C: 4 Bullet: 0
玩家基地被摧毁
base hit:  2  tower_loss: 1 radar_loss: 1  ammo_loss: 64 A: 0  B: 3  C: 2 Bullet: 0
玩家基地被摧毁
base hit:  2  tower_loss: 0 radar_loss: 0  ammo_loss: 64 A: 0  B: 3  C: 2 Bullet: 0
玩家基地被摧毁
base hit:  2  tower_loss: 0 radar_loss: 0  ammo_loss: 64 A: 0  B: 3  C: 2 Bullet: 0
玩家基地被摧毁
base hit:  2  tower_loss: 0 radar_loss: 0  ammo_loss: 64 A: 0  B: 3  C: 3 Bullet: 0
玩家基地被摧毁
base hit:  2  tower_loss: 0 radar_loss: 0  ammo_loss: 64 A: 2  B: 3  C: 2 Bullet: 0
玩家基地被摧毁
base hit:  2  tower_loss: 0 radar_loss: 0  ammo_loss: 64 A: 0  B: 3  C: 2 Bullet: 0
玩家基地被摧毁
base hit:  2  tower_loss: 0 radar_loss: 0  ammo_loss: 64 A: 0  B: 3  C: 2 Bullet: 0
玩家基地被摧毁
base hit:  2  tower_loss: 0 radar_loss: 0  ammo_loss: 64 A: 0  B: 3  C: 2 Bullet: 0
玩家基地被摧毁
base hit:  2  tower_loss: 0 radar_loss: 0  ammo_loss: 64 A: 0  B: 3  C: 2 Bullet: 0
玩家基地被摧毁
base hit:  2  tower_loss: 0 radar_loss: 0  ammo_loss: 64 A: 1  B: 3  C: 2 Bullet: 0
玩家基地被摧毁
base hit:  2  tower_loss: 0 radar_loss: 0  ammo_loss: 64 A: 1  B: 3  C: 3 Bullet: 0
玩家基地被摧毁
base hit:  2  tower_loss: 0 radar_loss: 0  ammo_loss: 64 A: 0  B: 3  C: 3 Bullet: 0
玩家基地被摧毁
base hit:  2  tower_loss: 1 radar_loss: 1  ammo_loss: 64 A: 0  B: 2  C: 2 Bullet: 0
玩家基地被摧毁
base hit:  2  tower_loss: 0 radar_loss: 0  ammo_loss: 64 A: 1  B: 3  C: 2 Bullet: 0
玩家基地被摧毁
base hit:  2  tower_loss: 0 radar_loss: 0  ammo_loss: 64 A: 1  B: 3  C: 2 Bullet: 0
玩家基地被摧毁
base hit:  2  tower_loss: 0 radar_loss: 0  ammo_loss: 64 A: 1  B: 3  C: 2 Bullet: 0
玩家基地被摧毁
base hit:  2  tower_loss: 0 radar_loss: 0  ammo_loss: 64 A: 0  B: 3  C: 3 Bullet: 0
玩家基地被摧毁
base hit:  2  tower_loss: 0 radar_loss: 0  ammo_loss: 64 A: 0  B: 3  C: 2 Bullet: 0
玩家基地被摧毁
base hit:  2  tower_loss: 0 radar_loss: 0  ammo_loss: 64 A: 1  B: 3  C: 2 Bullet: 0
玩家基地被摧毁
base hit:  2  tower_loss: 0 radar_loss: 0  ammo_loss: 64 A: 1  B: 3  C: 3 Bullet: 0
玩家基地被摧毁
base hit:  2  tower_loss: 0 radar_loss: 0  ammo_loss: 64 A: 0  B: 3  C: 2 Bullet: 0
玩家基地被摧毁
base hit:  2  tower_loss: 0 radar_loss: 0  ammo_loss: 64 A: 1  B: 3  C: 2 Bullet: 0
玩家基地被摧毁
base hit:  2  tower_loss: 0 radar_loss: 0  ammo_loss: 64 A: 1  B: 3  C: 3 Bullet: 0
玩家基地被摧毁
base hit:  2  tower_loss: 0 radar_loss: 0  ammo_loss: 64 A: 0  B: 3  C: 3 Bullet: 0
玩家基地被摧毁
base hit:  2  tower_loss: 0 radar_loss: 0  ammo_loss: 64 A: 0  B: 3  C: 2 Bullet: 0
玩家基地被摧毁
base hit:  2  tower_loss: 0 radar_loss: 0  ammo_loss: 64 A: 0  B: 3  C: 2 Bullet: 0
玩家基地被摧毁
base hit:  2  tower_loss: 0 radar_loss: 0  ammo_loss: 64 A: 2  B: 3  C: 1 Bullet: 0
玩家基地被摧毁
base hit:  2  tower_loss: 0 radar_loss: 0  ammo_loss: 64 A: 0  B: 3  C: 3 Bullet: 0
玩家基地被摧毁
base hit:  2  tower_loss: 0 radar_loss: 0  ammo_loss: 64 A: 1  B: 3  C: 4 Bullet: 0
玩家基地被摧毁
base hit:  2  tower_loss: 0 radar_loss: 0  ammo_loss: 64 A: 0  B: 3  C: 2 Bullet: 0
玩家基地被摧毁
base hit:  2  tower_loss: 0 radar_loss: 0  ammo_loss: 64 A: 0  B: 3  C: 2 Bullet: 0
玩家基地被摧毁
base hit:  2  tower_loss: 0 radar_loss: 0  ammo_loss: 64 A: 0  B: 3  C: 2 Bullet: 0
玩家基地被摧毁
base hit:  2  tower_loss: 0 radar_loss: 0  ammo_loss: 64 A: 1  B: 3  C: 3 Bullet: 0
玩家基地被摧毁
base hit:  2  tower_loss: 0 radar_loss: 0  ammo_loss: 64 A: 0  B: 3  C: 2 Bullet: 0
玩家基地被摧毁
base hit:  2  tower_loss: 0 radar_loss: 0  ammo_loss: 64 A: 0  B: 3  C: 2 Bullet: 0
玩家基地被摧毁
base hit:  2  tower_loss: 0 radar_loss: 0  ammo_loss: 64 A: 1  B: 3  C: 3 Bullet: 0
玩家基地被摧毁
base hit:  2  tower_loss: 0 radar_loss: 0  ammo_loss: 64 A: 0  B: 3  C: 3 Bullet: 0
玩家基地被摧毁
base hit:  2  tower_loss: 0 radar_loss: 0  ammo_loss: 64 A: 1  B: 3  C: 3 Bullet: 0
玩家基地被摧毁
base hit:  2  tower_loss: 0 radar_loss: 0  ammo_loss: 64 A: 0  B: 3  C: 2 Bullet: 0
玩家基地被摧毁
base hit:  2  tower_loss: 0 radar_loss: 0  ammo_loss: 64 A: 1  B: 3  C: 3 Bullet: 0
玩家基地被摧毁
base hit:  2  tower_loss: 0 radar_loss: 0  ammo_loss: 64 A: 0  B: 3  C: 1 Bullet: 0
玩家基地被摧毁
base hit:  2  tower_loss: 0 radar_loss: 0  ammo_loss: 64 A: 2  B: 3  C: 2 Bullet: 0
玩家基地被摧毁
base hit:  2  tower_loss: 0 radar_loss: 0  ammo_loss: 64 A: 1  B: 3  C: 3 Bullet: 0
玩家基地被摧毁
base hit:  2  tower_loss: 0 radar_loss: 0  ammo_loss: 64 A: 0  B: 3  C: 3 Bullet: 0
玩家基地被摧毁
base hit:  2  tower_loss: 0 radar_loss: 0  ammo_loss: 64 A: 0  B: 3  C: 2 Bullet: 0
玩家基地被摧毁
base hit:  2  tower_loss: 0 radar_loss: 0  ammo_loss: 64 A: 1  B: 3  C: 3 Bullet: 0
玩家基地被摧毁
base hit:  2  tower_loss: 0 radar_loss: 0  ammo_loss: 64 A: 1  B: 3  C: 3 Bullet: 0
玩家基地被摧毁
base hit:  2  tower_loss: 0 radar_loss: 0  ammo_loss: 64 A: 2  B: 3  C: 3 Bullet: 0
玩家基地被摧毁
base hit:  2  tower_loss: 0 radar_loss: 0  ammo_loss: 64 A: 2  B: 3  C: 2 Bullet: 1
玩家基地被摧毁
base hit:  2  tower_loss: 0 radar_loss: 0  ammo_loss: 64 A: 2  B: 3  C: 2 Bullet: 0
玩家基地被摧毁
base hit:  2  tower_loss: 0 radar_loss: 0  ammo_loss: 64 A: 1  B: 3  C: 3 Bullet: 0
玩家基地被摧毁
base hit:  2  tower_loss: 0 radar_loss: 0  ammo_loss: 64 A: 0  B: 3  C: 4 Bullet: 0
玩家基地被摧毁
base hit:  2  tower_loss: 0 radar_loss: 0  ammo_loss: 64 A: 0  B: 3  C: 3 Bullet: 0
玩家基地被摧毁
base hit:  2  tower_loss: 0 radar_loss: 0  ammo_loss: 64 A: 1  B: 3  C: 2 Bullet: 0
玩家基地被摧毁
base hit:  2  tower_loss: 0 radar_loss: 0  ammo_loss: 64 A: 0  B: 3  C: 2 Bullet: 0
玩家基地被摧毁
base hit:  2  tower_loss: 0 radar_loss: 0  ammo_loss: 64 A: 1  B: 3  C: 3 Bullet: 0
玩家基地被摧毁
base hit:  2  tower_loss: 2 radar_loss: 0  ammo_loss: 64 A: 0  B: 2  C: 2 Bullet: 0
玩家基地被摧毁
base hit:  2  tower_loss: 0 radar_loss: 0  ammo_loss: 64 A: 2  B: 3  C: 3 Bullet: 0
玩家基地被摧毁
base hit:  2  tower_loss: 0 radar_loss: 0  ammo_loss: 64 A: 1  B: 3  C: 2 Bullet: 0
玩家基地被摧毁
base hit:  2  tower_loss: 0 radar_loss: 0  ammo_loss: 64 A: 0  B: 3  C: 2 Bullet: 0
玩家基地被摧毁
base hit:  2  tower_loss: 0 radar_loss: 0  ammo_loss: 64 A: 0  B: 3  C: 3 Bullet: 0
玩家基地被摧毁
base hit:  2  tower_loss: 0 radar_loss: 0  ammo_loss: 64 A: 1  B: 3  C: 3 Bullet: 0
玩家基地被摧毁
base hit:  2  tower_loss: 0 radar_loss: 0  ammo_loss: 64 A: 0  B: 3  C: 2 Bullet: 0
玩家基地被摧毁
base hit:  2  tower_loss: 0 radar_loss: 0  ammo_loss: 64 A: 1  B: 3  C: 3 Bullet: 0
玩家基地被摧毁
base hit:  2  tower_loss: 0 radar_loss: 0  ammo_loss: 64 A: 0  B: 3  C: 2 Bullet: 0
玩家基地被摧毁
base hit:  2  tower_loss: 2 radar_loss: 0  ammo_loss: 64 A: 0  B: 3  C: 2 Bullet: 0
玩家基地被摧毁
base hit:  2  tower_loss: 0 radar_loss: 0  ammo_loss: 64 A: 1  B: 3  C: 3 Bullet: 0
玩家基地被摧毁
base hit:  2  tower_loss: 0 radar_loss: 0  ammo_loss: 64 A: 0  B: 3  C: 2 Bullet: 0
玩家基地被摧毁
base hit:  2  tower_loss: 0 radar_loss: 0  ammo_loss: 64 A: 0  B: 3  C: 2 Bullet: 0
玩家基地被摧毁
base hit:  2  tower_loss: 0 radar_loss: 0  ammo_loss: 64 A: 0  B: 3  C: 2 Bullet: 0
玩家基地被摧毁
base hit:  2  tower_loss: 0 radar_loss: 0  ammo_loss: 64 A: 1  B: 3  C: 2 Bullet: 0
玩家基地被摧毁
base hit:  2  tower_loss: 0 radar_loss: 0  ammo_loss: 64 A: 1  B: 3  C: 2 Bullet: 0
玩家基地被摧毁
base hit:  2  tower_loss: 0 radar_loss: 0  ammo_loss: 64 A: 0  B: 3  C: 3 Bullet: 0
玩家基地被摧毁
base hit:  2  tower_loss: 0 radar_loss: 0  ammo_loss: 64 A: 1  B: 3  C: 2 Bullet: 0
玩家基地被摧毁
base hit:  2  tower_loss: 0 radar_loss: 0  ammo_loss: 64 A: 0  B: 3  C: 2 Bullet: 0
玩家基地被摧毁
base hit:  2  tower_loss: 0 radar_loss: 0  ammo_loss: 64 A: 0  B: 3  C: 2 Bullet: 0
玩家基地被摧毁
base hit:  2  tower_loss: 0 radar_loss: 0  ammo_loss: 64 A: 0  B: 3  C: 2 Bullet: 0
玩家基地被摧毁
base hit:  2  tower_loss: 0 radar_loss: 0  ammo_loss: 64 A: 0  B: 3  C: 3 Bullet: 0
玩家基地被摧毁
base hit:  2  tower_loss: 0 radar_loss: 0  ammo_loss: 64 A: 0  B: 3  C: 2 Bullet: 0
玩家基地被摧毁
base hit:  2  tower_loss: 0 radar_loss: 0  ammo_loss: 64 A: 0  B: 3  C: 2 Bullet: 0
玩家基地被摧毁
base hit:  2  tower_loss: 0 radar_loss: 0  ammo_loss: 64 A: 0  B: 3  C: 2 Bullet: 0
玩家基地被摧毁
base hit:  2  tower_loss: 0 radar_loss: 0  ammo_loss: 64 A: 1  B: 3  C: 3 Bullet: 0
玩家基地被摧毁
base hit:  2  tower_loss: 2 radar_loss: 0  ammo_loss: 64 A: 0  B: 3  C: 2 Bullet: 0
玩家基地被摧毁
base hit:  2  tower_loss: 0 radar_loss: 0  ammo_loss: 64 A: 0  B: 3  C: 2 Bullet: 0
玩家基地被摧毁
base hit:  2  tower_loss: 0 radar_loss: 0  ammo_loss: 64 A: 0  B: 3  C: 2 Bullet: 0
玩家基地被摧毁
base hit:  2  tower_loss: 0 radar_loss: 0  ammo_loss: 64 A: 1  B: 3  C: 3 Bullet: 0
玩家基地被摧毁
base hit:  2  tower_loss: 0 radar_loss: 0  ammo_loss: 64 A: 0  B: 3  C: 2 Bullet: 0
玩家基地被摧毁
base hit:  2  tower_loss: 0 radar_loss: 0  ammo_loss: 64 A: 1  B: 3  C: 3 Bullet: 0
玩家基地被摧毁
base hit:  2  tower_loss: 0 radar_loss: 0  ammo_loss: 64 A: 1  B: 3  C: 3 Bullet: 0
玩家基地被摧毁
base hit:  2  tower_loss: 0 radar_loss: 0  ammo_loss: 64 A: 0  B: 3  C: 3 Bullet: 0
玩家基地被摧毁
base hit:  2  tower_loss: 0 radar_loss: 0  ammo_loss: 64 A: 0  B: 3  C: 2 Bullet: 0
玩家基地被摧毁
base hit:  2  tower_loss: 0 radar_loss: 0  ammo_loss: 64 A: 1  B: 3  C: 3 Bullet: 0
玩家基地被摧毁
base hit:  2  tower_loss: 0 radar_loss: 0  ammo_loss: 64 A: 0  B: 3  C: 2 Bullet: 0
玩家基地被摧毁
base hit:  2  tower_loss: 0 radar_loss: 0  ammo_loss: 64 A: 0  B: 3  C: 2 Bullet: 0
玩家基地被摧毁
base hit:  2  tower_loss: 0 radar_loss: 0  ammo_loss: 64 A: 2  B: 3  C: 3 Bullet: 0
玩家基地被摧毁
base hit:  2  tower_loss: 0 radar_loss: 0  ammo_loss: 64 A: 0  B: 3  C: 2 Bullet: 0
玩家基地被摧毁
base hit:  2  tower_loss: 0 radar_loss: 0  ammo_loss: 64 A: 0  B: 3  C: 2 Bullet: 0
玩家基地被摧毁
base hit:  2  tower_loss: 0 radar_loss: 0  ammo_loss: 64 A: 0  B: 3  C: 2 Bullet: 0
玩家基地被摧毁
base hit:  2  tower_loss: 0 radar_loss: 0  ammo_loss: 64 A: 0  B: 3  C: 2 Bullet: 0
玩家基地被摧毁
base hit:  2  tower_loss: 0 radar_loss: 0  ammo_loss: 64 A: 1  B: 3  C: 2 Bullet: 0
玩家基地被摧毁
base hit:  2  tower_loss: 0 radar_loss: 0  ammo_loss: 64 A: 0  B: 3  C: 3 Bullet: 0
玩家基地被摧毁
base hit:  2  tower_loss: 0 radar_loss: 0  ammo_loss: 64 A: 0  B: 3  C: 2 Bullet: 0
玩家基地被摧毁
base hit:  2  tower_loss: 0 radar_loss: 0  ammo_loss: 64 A: 0  B: 3  C: 2 Bullet: 0
玩家基地被摧毁
base hit:  2  tower_loss: 0 radar_loss: 0  ammo_loss: 64 A: 0  B: 3  C: 2 Bullet: 0
玩家基地被摧毁
base hit:  2  tower_loss: 0 radar_loss: 0  ammo_loss: 64 A: 0  B: 3  C: 2 Bullet: 0
玩家基地被摧毁
base hit:  2  tower_loss: 0 radar_loss: 0  ammo_loss: 64 A: 0  B: 3  C: 2 Bullet: 0
玩家基地被摧毁
base hit:  2  tower_loss: 0 radar_loss: 0  ammo_loss: 64 A: 1  B: 3  C: 4 Bullet: 0
玩家基地被摧毁
base hit:  2  tower_loss: 0 radar_loss: 0  ammo_loss: 64 A: 1  B: 3  C: 2 Bullet: 0
玩家基地被摧毁
base hit:  2  tower_loss: 0 radar_loss: 0  ammo_loss: 64 A: 1  B: 3  C: 3 Bullet: 0
玩家基地被摧毁
base hit:  2  tower_loss: 0 radar_loss: 0  ammo_loss: 64 A: 0  B: 3  C: 3 Bullet: 0
玩家基地被摧毁
base hit:  2  tower_loss: 0 radar_loss: 0  ammo_loss: 64 A: 0  B: 3  C: 2 Bullet: 0
玩家基地被摧毁
base hit:  2  tower_loss: 0 radar_loss: 0  ammo_loss: 64 A: 0  B: 3  C: 2 Bullet: 0
玩家基地被摧毁
base hit:  2  tower_loss: 0 radar_loss: 0  ammo_loss: 64 A: 0  B: 3  C: 2 Bullet: 0
玩家基地被摧毁
base hit:  2  tower_loss: 0 radar_loss: 0  ammo_loss: 64 A: 1  B: 3  C: 3 Bullet: 0
玩家基地被摧毁
base hit:  2  tower_loss: 0 radar_loss: 0  ammo_loss: 64 A: 0  B: 3  C: 2 Bullet: 0
玩家基地被摧毁
base hit:  2  tower_loss: 0 radar_loss: 0  ammo_loss: 64 A: 0  B: 3  C: 2 Bullet: 0
玩家基地被摧毁
base hit:  2  tower_loss: 0 radar_loss: 0  ammo_loss: 64 A: 2  B: 3  C: 3 Bullet: 0
玩家基地被摧毁
base hit:  2  tower_loss: 0 radar_loss: 0  ammo_loss: 64 A: 0  B: 3  C: 2 Bullet: 0
玩家基地被摧毁
base hit:  2  tower_loss: 0 radar_loss: 0  ammo_loss: 64 A: 1  B: 3  C: 3 Bullet: 0
玩家基地被摧毁
base hit:  2  tower_loss: 0 radar_loss: 0  ammo_loss: 64 A: 1  B: 3  C: 2 Bullet: 0
玩家基地被摧毁
base hit:  2  tower_loss: 0 radar_loss: 0  ammo_loss: 64 A: 0  B: 3  C: 2 Bullet: 0
玩家基地被摧毁
base hit:  2  tower_loss: 0 radar_loss: 0  ammo_loss: 64 A: 0  B: 3  C: 2 Bullet: 0
玩家基地被摧毁
base hit:  2  tower_loss: 0 radar_loss: 0  ammo_loss: 64 A: 0  B: 3  C: 2 Bullet: 0
玩家基地被摧毁
base hit:  2  tower_loss: 0 radar_loss: 0  ammo_loss: 64 A: 1  B: 3  C: 4 Bullet: 0
玩家基地被摧毁
base hit:  2  tower_loss: 0 radar_loss: 0  ammo_loss: 64 A: 2  B: 3  C: 2 Bullet: 0
玩家基地被摧毁
base hit:  2  tower_loss: 0 radar_loss: 0  ammo_loss: 64 A: 1  B: 3  C: 2 Bullet: 0
玩家基地被摧毁
base hit:  2  tower_loss: 0 radar_loss: 0  ammo_loss: 64 A: 0  B: 3  C: 2 Bullet: 0
玩家基地被摧毁
base hit:  2  tower_loss: 0 radar_loss: 0  ammo_loss: 64 A: 0  B: 3  C: 2 Bullet: 0
玩家基地被摧毁
base hit:  2  tower_loss: 0 radar_loss: 0  ammo_loss: 64 A: 0  B: 3  C: 2 Bullet: 0
玩家基地被摧毁
base hit:  2  tower_loss: 0 radar_loss: 0  ammo_loss: 64 A: 0  B: 3  C: 3 Bullet: 0
玩家基地被摧毁
base hit:  2  tower_loss: 0 radar_loss: 0  ammo_loss: 64 A: 0  B: 3  C: 2 Bullet: 0
玩家基地被摧毁
base hit:  2  tower_loss: 0 radar_loss: 0  ammo_loss: 64 A: 1  B: 3  C: 3 Bullet: 0
玩家基地被摧毁
base hit:  2  tower_loss: 0 radar_loss: 0  ammo_loss: 64 A: 1  B: 3  C: 4 Bullet: 0
玩家基地被摧毁
base hit:  2  tower_loss: 0 radar_loss: 0  ammo_loss: 64 A: 0  B: 3  C: 2 Bullet: 0
玩家基地被摧毁
base hit:  2  tower_loss: 0 radar_loss: 0  ammo_loss: 64 A: 0  B: 3  C: 2 Bullet: 0
玩家基地被摧毁
base hit:  2  tower_loss: 0 radar_loss: 0  ammo_loss: 64 A: 0  B: 3  C: 2 Bullet: 0
玩家基地被摧毁
base hit:  2  tower_loss: 0 radar_loss: 0  ammo_loss: 64 A: 2  B: 3  C: 2 Bullet: 0
玩家基地被摧毁
base hit:  2  tower_loss: 0 radar_loss: 0  ammo_loss: 64 A: 0  B: 3  C: 2 Bullet: 0
玩家基地被摧毁
base hit:  2  tower_loss: 0 radar_loss: 0  ammo_loss: 64 A: 0  B: 3  C: 2 Bullet: 0
玩家基地被摧毁
base hit:  2  tower_loss: 0 radar_loss: 0  ammo_loss: 64 A: 1  B: 3  C: 2 Bullet: 0
玩家基地被摧毁
base hit:  2  tower_loss: 0 radar_loss: 0  ammo_loss: 64 A: 0  B: 3  C: 4 Bullet: 0
玩家基地被摧毁
base hit:  2  tower_loss: 0 radar_loss: 0  ammo_loss: 64 A: 0  B: 3  C: 3 Bullet: 0
玩家基地被摧毁
base hit:  2  tower_loss: 0 radar_loss: 0  ammo_loss: 64 A: 0  B: 3  C: 2 Bullet: 0
玩家基地被摧毁
base hit:  2  tower_loss: 0 radar_loss: 0  ammo_loss: 64 A: 0  B: 3  C: 2 Bullet: 0
玩家基地被摧毁
base hit:  2  tower_loss: 0 radar_loss: 0  ammo_loss: 64 A: 1  B: 3  C: 3 Bullet: 0
玩家基地被摧毁
base hit:  2  tower_loss: 0 radar_loss: 0  ammo_loss: 64 A: 0  B: 3  C: 2 Bullet: 0
玩家基地被摧毁
base hit:  2  tower_loss: 0 radar_loss: 0  ammo_loss: 64 A: 1  B: 3  C: 2 Bullet: 0
玩家基地被摧毁
base hit:  2  tower_loss: 0 radar_loss: 0  ammo_loss: 64 A: 0  B: 3  C: 2 Bullet: 0
玩家基地被摧毁
base hit:  2  tower_loss: 0 radar_loss: 0  ammo_loss: 64 A: 0  B: 3  C: 3 Bullet: 0
玩家基地被摧毁
base hit:  2  tower_loss: 0 radar_loss: 0  ammo_loss: 64 A: 1  B: 3  C: 3 Bullet: 0
玩家基地被摧毁
base hit:  2  tower_loss: 0 radar_loss: 0  ammo_loss: 64 A: 0  B: 3  C: 2 Bullet: 0
玩家基地被摧毁
base hit:  2  tower_loss: 0 radar_loss: 0  ammo_loss: 64 A: 0  B: 3  C: 2 Bullet: 0
玩家基地被摧毁
base hit:  2  tower_loss: 0 radar_loss: 0  ammo_loss: 64 A: 0  B: 3  C: 3 Bullet: 0
玩家基地被摧毁
base hit:  2  tower_loss: 0 radar_loss: 0  ammo_loss: 64 A: 1  B: 3  C: 3 Bullet: 0
玩家基地被摧毁
base hit:  2  tower_loss: 0 radar_loss: 0  ammo_loss: 64 A: 0  B: 3  C: 2 Bullet: 0
玩家基地被摧毁
base hit:  2  tower_loss: 0 radar_loss: 0  ammo_loss: 64 A: 0  B: 3  C: 2 Bullet: 0
玩家基地被摧毁
base hit:  2  tower_loss: 0 radar_loss: 0  ammo_loss: 64 A: 0  B: 3  C: 4 Bullet: 0
玩家基地被摧毁
base hit:  2  tower_loss: 0 radar_loss: 0  ammo_loss: 64 A: 0  B: 3  C: 2 Bullet: 0
玩家基地被摧毁
base hit:  2  tower_loss: 0 radar_loss: 0  ammo_loss: 64 A: 2  B: 3  C: 2 Bullet: 0
玩家基地被摧毁
base hit:  2  tower_loss: 0 radar_loss: 0  ammo_loss: 64 A: 0  B: 3  C: 2 Bullet: 0
玩家基地被摧毁
base hit:  2  tower_loss: 0 radar_loss: 0  ammo_loss: 64 A: 1  B: 3  C: 3 Bullet: 0
玩家基地被摧毁
base hit:  2  tower_loss: 0 radar_loss: 0  ammo_loss: 64 A: 1  B: 3  C: 2 Bullet: 0
玩家基地被摧毁
base hit:  2  tower_loss: 0 radar_loss: 0  ammo_loss: 64 A: 0  B: 3  C: 2 Bullet: 0
玩家基地被摧毁
base hit:  2  tower_loss: 0 radar_loss: 0  ammo_loss: 64 A: 0  B: 3  C: 2 Bullet: 0
玩家基地被摧毁
base hit:  2  tower_loss: 0 radar_loss: 0  ammo_loss: 64 A: 2  B: 3  C: 2 Bullet: 0
玩家基地被摧毁
base hit:  2  tower_loss: 0 radar_loss: 0  ammo_loss: 64 A: 0  B: 3  C: 2 Bullet: 0
玩家基地被摧毁
base hit:  2  tower_loss: 0 radar_loss: 0  ammo_loss: 64 A: 0  B: 3  C: 3 Bullet: 0
玩家基地被摧毁
base hit:  2  tower_loss: 0 radar_loss: 0  ammo_loss: 64 A: 1  B: 3  C: 2 Bullet: 0
玩家基地被摧毁
base hit:  2  tower_loss: 2 radar_loss: 0  ammo_loss: 64 A: 0  B: 2  C: 2 Bullet: 0
玩家基地被摧毁
base hit:  2  tower_loss: 0 radar_loss: 0  ammo_loss: 64 A: 0  B: 3  C: 2 Bullet: 0
玩家基地被摧毁
base hit:  2  tower_loss: 0 radar_loss: 0  ammo_loss: 64 A: 0  B: 3  C: 2 Bullet: 0
玩家基地被摧毁
base hit:  2  tower_loss: 0 radar_loss: 0  ammo_loss: 64 A: 1  B: 3  C: 2 Bullet: 0
玩家基地被摧毁
base hit:  2  tower_loss: 0 radar_loss: 0  ammo_loss: 64 A: 1  B: 3  C: 2 Bullet: 0
玩家基地被摧毁
base hit:  2  tower_loss: 0 radar_loss: 0  ammo_loss: 64 A: 2  B: 3  C: 3 Bullet: 0
玩家基地被摧毁
base hit:  2  tower_loss: 0 radar_loss: 0  ammo_loss: 64 A: 0  B: 3  C: 2 Bullet: 0
玩家基地被摧毁
base hit:  2  tower_loss: 0 radar_loss: 0  ammo_loss: 64 A: 0  B: 3  C: 2 Bullet: 0
玩家基地被摧毁
base hit:  2  tower_loss: 0 radar_loss: 0  ammo_loss: 64 A: 1  B: 3  C: 2 Bullet: 0
玩家基地被摧毁
base hit:  2  tower_loss: 0 radar_loss: 0  ammo_loss: 64 A: 0  B: 3  C: 2 Bullet: 0
玩家基地被摧毁
base hit:  2  tower_loss: 0 radar_loss: 0  ammo_loss: 64 A: 0  B: 3  C: 2 Bullet: 0
玩家基地被摧毁
base hit:  2  tower_loss: 0 radar_loss: 0  ammo_loss: 64 A: 0  B: 3  C: 2 Bullet: 0
玩家基地被摧毁
base hit:  2  tower_loss: 0 radar_loss: 0  ammo_loss: 64 A: 0  B: 3  C: 2 Bullet: 0
玩家基地被摧毁
base hit:  2  tower_loss: 0 radar_loss: 0  ammo_loss: 64 A: 0  B: 3  C: 2 Bullet: 0
玩家基地被摧毁
base hit:  2  tower_loss: 0 radar_loss: 0  ammo_loss: 64 A: 1  B: 3  C: 3 Bullet: 0
玩家基地被摧毁
base hit:  2  tower_loss: 0 radar_loss: 0  ammo_loss: 64 A: 0  B: 3  C: 2 Bullet: 0
玩家基地被摧毁
base hit:  2  tower_loss: 0 radar_loss: 0  ammo_loss: 64 A: 1  B: 3  C: 3 Bullet: 0
玩家基地被摧毁
base hit:  2  tower_loss: 0 radar_loss: 0  ammo_loss: 64 A: 0  B: 3  C: 2 Bullet: 0
玩家基地被摧毁
base hit:  2  tower_loss: 0 radar_loss: 0  ammo_loss: 64 A: 0  B: 3  C: 2 Bullet: 0
玩家基地被摧毁
base hit:  2  tower_loss: 0 radar_loss: 0  ammo_loss: 64 A: 0  B: 3  C: 4 Bullet: 0
玩家基地被摧毁
base hit:  2  tower_loss: 0 radar_loss: 0  ammo_loss: 64 A: 0  B: 3  C: 2 Bullet: 0
玩家基地被摧毁
base hit:  2  tower_loss: 0 radar_loss: 0  ammo_loss: 64 A: 0  B: 3  C: 2 Bullet: 0
玩家基地被摧毁
base hit:  2  tower_loss: 0 radar_loss: 0  ammo_loss: 64 A: 0  B: 3  C: 3 Bullet: 0
玩家基地被摧毁
base hit:  2  tower_loss: 0 radar_loss: 0  ammo_loss: 64 A: 1  B: 3  C: 3 Bullet: 0
玩家基地被摧毁
base hit:  2  tower_loss: 0 radar_loss: 0  ammo_loss: 64 A: 0  B: 3  C: 2 Bullet: 0
玩家基地被摧毁
base hit:  2  tower_loss: 0 radar_loss: 0  ammo_loss: 64 A: 2  B: 3  C: 3 Bullet: 0
玩家基地被摧毁
base hit:  2  tower_loss: 0 radar_loss: 0  ammo_loss: 64 A: 0  B: 3  C: 2 Bullet: 0
玩家基地被摧毁
base hit:  2  tower_loss: 0 radar_loss: 0  ammo_loss: 64 A: 0  B: 3  C: 2 Bullet: 0
玩家基地被摧毁
base hit:  2  tower_loss: 0 radar_loss: 0  ammo_loss: 64 A: 1  B: 3  C: 4 Bullet: 0
玩家基地被摧毁
base hit:  2  tower_loss: 0 radar_loss: 0  ammo_loss: 64 A: 1  B: 3  C: 2 Bullet: 0
玩家基地被摧毁
base hit:  2  tower_loss: 0 radar_loss: 0  ammo_loss: 64 A: 0  B: 3  C: 4 Bullet: 0
玩家基地被摧毁
base hit:  2  tower_loss: 0 radar_loss: 0  ammo_loss: 64 A: 1  B: 3  C: 3 Bullet: 0
玩家基地被摧毁
base hit:  2  tower_loss: 0 radar_loss: 0  ammo_loss: 64 A: 0  B: 3  C: 2 Bullet: 0
玩家基地被摧毁
base hit:  2  tower_loss: 0 radar_loss: 0  ammo_loss: 64 A: 1  B: 3  C: 4 Bullet: 0
玩家基地被摧毁
base hit:  2  tower_loss: 0 radar_loss: 0  ammo_loss: 64 A: 1  B: 3  C: 2 Bullet: 0
玩家基地被摧毁
base hit:  2  tower_loss: 0 radar_loss: 0  ammo_loss: 64 A: 0  B: 3  C: 2 Bullet: 0
玩家基地被摧毁
base hit:  2  tower_loss: 0 radar_loss: 0  ammo_loss: 64 A: 1  B: 3  C: 4 Bullet: 0
玩家基地被摧毁
base hit:  2  tower_loss: 0 radar_loss: 0  ammo_loss: 64 A: 0  B: 3  C: 2 Bullet: 0
玩家基地被摧毁
base hit:  2  tower_loss: 0 radar_loss: 0  ammo_loss: 64 A: 1  B: 3  C: 2 Bullet: 0
玩家基地被摧毁
base hit:  2  tower_loss: 0 radar_loss: 0  ammo_loss: 64 A: 1  B: 3  C: 2 Bullet: 0
玩家基地被摧毁
base hit:  2  tower_loss: 0 radar_loss: 0  ammo_loss: 64 A: 1  B: 3  C: 2 Bullet: 0
玩家基地被摧毁
base hit:  2  tower_loss: 0 radar_loss: 0  ammo_loss: 64 A: 0  B: 3  C: 2 Bullet: 0
玩家基地被摧毁
base hit:  2  tower_loss: 0 radar_loss: 0  ammo_loss: 64 A: 0  B: 3  C: 4 Bullet: 0
玩家基地被摧毁
base hit:  2  tower_loss: 0 radar_loss: 0  ammo_loss: 64 A: 0  B: 3  C: 2 Bullet: 0
玩家基地被摧毁
base hit:  2  tower_loss: 0 radar_loss: 0  ammo_loss: 64 A: 1  B: 3  C: 2 Bullet: 0
玩家基地被摧毁
base hit:  2  tower_loss: 0 radar_loss: 0  ammo_loss: 64 A: 1  B: 3  C: 2 Bullet: 0
玩家基地被摧毁
base hit:  2  tower_loss: 0 radar_loss: 0  ammo_loss: 64 A: 0  B: 3  C: 2 Bullet: 0
玩家基地被摧毁
base hit:  2  tower_loss: 0 radar_loss: 0  ammo_loss: 64 A: 0  B: 3  C: 3 Bullet: 0
玩家基地被摧毁
base hit:  2  tower_loss: 0 radar_loss: 0  ammo_loss: 64 A: 0  B: 3  C: 2 Bullet: 0
玩家基地被摧毁
base hit:  2  tower_loss: 0 radar_loss: 0  ammo_loss: 64 A: 1  B: 3  C: 3 Bullet: 0
玩